#
# There is insufficient memory for the Java Runtime Environment to continue.
# Native memory allocation (malloc) failed to allocate 1048576 bytes for AllocateHeap
# Possible reasons:
#   The system is out of physical RAM or swap space
#   In 32 bit mode, the process size limit was hit
# Possible solutions:
#   Reduce memory load on the system
#   Increase physical memory or swap space
#   Check if swap backing store is full
#   Use 64 bit Java on a 64 bit OS
#   Decrease Java heap size (-Xmx/-Xms)
#   Decrease number of Java threads
#   Decrease Java thread stack sizes (-Xss)
#   Set larger code cache with -XX:ReservedCodeCacheSize=
# This output file may be truncated or incomplete.
#
#  Out of Memory Error (memory/allocation.inline.hpp:61), pid=8252, tid=4168
#
# JRE version:  (8.0_91-b14) (build )
# Java VM: Java HotSpot(TM) 64-Bit Server VM (25.91-b14 mixed mode windows-amd64 compressed oops)
# Failed to write core dump. Minidumps are not enabled by default on client versions of Windows
#

---------------  T H R E A D  ---------------

Current thread (0x0000000002ee0800):  JavaThread "Unknown thread" [_thread_in_vm, id=4168, stack(0x0000000002de0000,0x0000000002ee0000)]

Stack: [0x0000000002de0000,0x0000000002ee0000]
[error occurred during error reporting (printing stack bounds), id 0xc0000005]

Native frames: (J=compiled Java code, j=interpreted, Vv=VM code, C=native code)


---------------  P R O C E S S  ---------------

Java Threads: ( => current thread )

Other Threads:

=>0x0000000002ee0800 (exited) JavaThread "Unknown thread" [_thread_in_vm, id=4168, stack(0x0000000002de0000,0x0000000002ee0000)]

VM state:not at safepoint (normal execution)

VM Mutex/Monitor currently owned by a thread: None

Heap:
 PSYoungGen      total 28672K, used 491K [0x00000000e0180000, 0x00000000e2180000, 0x0000000100000000)
  eden space 24576K, 2% used [0x00000000e0180000,0x00000000e01fae20,0x00000000e1980000)
  from space 4096K, 0% used [0x00000000e1d80000,0x00000000e1d80000,0x00000000e2180000)
  to   space 4096K, 0% used [0x00000000e1980000,0x00000000e1980000,0x00000000e1d80000)
 ParOldGen       total 65536K, used 0K [0x00000000a0400000, 0x00000000a4400000, 0x00000000e0180000)
  object space 65536K, 0% used [0x00000000a0400000,0x00000000a0400000,0x00000000a4400000)
 Metaspace       used 746K, capacity 4480K, committed 4480K, reserved 1056768K
  class space    used 75K, capacity 384K, committed 384K, reserved 1048576K

Card table byte_map: [0x00000000123a0000,0x00000000126a0000] byte_map_base: 0x0000000011e9e000

Marking Bits: (ParMarkBitMap*) 0x00000000536b2f70
 Begin Bits: [0x00000000130a0000, 0x0000000014890000)
 End Bits:   [0x0000000014890000, 0x0000000016080000)

Polling page: 0x00000000014e0000

CodeCache: size=245760Kb used=327Kb max_used=327Kb free=245432Kb
 bounds [0x0000000002fe0000, 0x0000000003250000, 0x0000000011fe0000]
 total_blobs=57 nmethods=0 adapters=38
 compilation: enabled

Compilation events (0 events):
No events

GC Heap History (0 events):
No events

Deoptimization events (0 events):
No events

Internal exceptions (0 events):
No events

Events (10 events):
Event: 0.059 loading class java/lang/Short
Event: 0.059 loading class java/lang/Short done
Event: 0.059 loading class java/lang/Integer
Event: 0.059 loading class java/lang/Integer done
Event: 0.059 loading class java/lang/Long
Event: 0.060 loading class java/lang/Long done
Event: 0.061 loading class java/lang/NullPointerException
Event: 0.061 loading class java/lang/NullPointerException done
Event: 0.061 loading class java/lang/ArithmeticException
Event: 0.061 loading class java/lang/ArithmeticException done


Dynamic libraries:
0x00007ff7affd0000 - 0x00007ff7b0007000 	C:\Program Files\Java\jre1.8.0_91\bin\javaw.exe
0x00007ff8fb9e0000 - 0x00007ff8fbbb1000 	C:\WINDOWS\SYSTEM32\ntdll.dll
0x00007ff8fb1b0000 - 0x00007ff8fb25b000 	C:\WINDOWS\System32\KERNEL32.DLL
0x00007ff8f8a90000 - 0x00007ff8f8cad000 	C:\WINDOWS\System32\KERNELBASE.dll
0x00007ff8fb750000 - 0x00007ff8fb7f2000 	C:\WINDOWS\System32\ADVAPI32.dll
0x00007ff8f8f70000 - 0x00007ff8f900e000 	C:\WINDOWS\System32\msvcrt.dll
0x00007ff8fb280000 - 0x00007ff8fb2d9000 	C:\WINDOWS\System32\sechost.dll
0x00007ff8fb010000 - 0x00007ff8fb131000 	C:\WINDOWS\System32\RPCRT4.dll
0x00007ff8fb870000 - 0x00007ff8fb9d5000 	C:\WINDOWS\System32\USER32.dll
0x00007ff8f8cb0000 - 0x00007ff8f8cce000 	C:\WINDOWS\System32\win32u.dll
0x00007ff8fb710000 - 0x00007ff8fb744000 	C:\WINDOWS\System32\GDI32.dll
0x00007ff8f8850000 - 0x00007ff8f89d2000 	C:\WINDOWS\System32\gdi32full.dll
0x00007ff8ed2d0000 - 0x00007ff8ed549000 	C:\WINDOWS\WinSxS\amd64_microsoft.windows.common-controls_6595b64144ccf1df_6.0.14393.447_none_42191651c6827bb3\COMCTL32.dll
0x00007ff8fad40000 - 0x00007ff8fb008000 	C:\WINDOWS\System32\combase.dll
0x00007ff8f8cd0000 - 0x00007ff8f8dc5000 	C:\WINDOWS\System32\ucrtbase.dll
0x00007ff8f7f30000 - 0x00007ff8f7f9a000 	C:\WINDOWS\System32\bcryptPrimitives.dll
0x00007ff8f91b0000 - 0x00007ff8f91de000 	C:\WINDOWS\System32\IMM32.DLL
0x0000000053740000 - 0x0000000053812000 	C:\Program Files\Java\jre1.8.0_91\bin\msvcr100.dll
0x0000000052ea0000 - 0x0000000053733000 	C:\Program Files\Java\jre1.8.0_91\bin\server\jvm.dll
0x00007ff8fab90000 - 0x00007ff8fab98000 	C:\WINDOWS\System32\PSAPI.DLL
0x00007ff8ee4e0000 - 0x00007ff8ee503000 	C:\WINDOWS\SYSTEM32\WINMM.dll
0x00007ff8f5680000 - 0x00007ff8f568a000 	C:\WINDOWS\SYSTEM32\VERSION.dll
0x00007ff8f1680000 - 0x00007ff8f1689000 	C:\WINDOWS\SYSTEM32\WSOCK32.dll
0x00007ff8fb800000 - 0x00007ff8fb86a000 	C:\WINDOWS\System32\WS2_32.dll
0x00007ff8ed550000 - 0x00007ff8ed57b000 	C:\WINDOWS\SYSTEM32\WINMMBASE.dll
0x00007ff8f8f20000 - 0x00007ff8f8f62000 	C:\WINDOWS\System32\cfgmgr32.dll
0x0000000052e90000 - 0x0000000052e9f000 	C:\Program Files\Java\jre1.8.0_91\bin\verify.dll
0x0000000052e60000 - 0x0000000052e89000 	C:\Program Files\Java\jre1.8.0_91\bin\java.dll
0x0000000052e40000 - 0x0000000052e56000 	C:\Program Files\Java\jre1.8.0_91\bin\zip.dll

VM Arguments:
jvm_args: -Dfile.encoding=Cp1252 
java_command: RunClass
java_class_path (initial): E:\Files\SkillsUsaCompetition\bin
Launcher Type: SUN_STANDARD

Environment Variables:
PATH=C:\Program Files (x86)\Common Files\Intel\Shared Files\cpp\bin\Intel64;C:\ProgramData\Oracle\Java\javapath;C:\Program Files (x86)\NVIDIA Corporation\PhysX\Common;C:\WINDOWS\system32;C:\WINDOWS;C:\WINDOWS\System32\Wbem;C:\WINDOWS\System32\WindowsPowerShell\v1.0\;C:\Program Files (x86)\Skype\Phone\;C:\WINDOWS\system32\config\systemprofile\.dnx\bin;C:\Program Files\Microsoft DNX\Dnvm\;C:\Program Files\Microsoft SQL Server\130\Tools\Binn\;C:\Program Files (x86)\Windows Kits\8.1\Windows Performance Toolkit\;C:\Users\Windows 10 User\AppData\Local\Microsoft\WindowsApps;
USERNAME=Windows 10 User
OS=Windows_NT
PROCESSOR_IDENTIFIER=Intel64 Family 6 Model 30 Stepping 5, GenuineIntel



---------------  S Y S T E M  ---------------

OS: Windows 10.0 , 64 bit Build 14393 (10.0.14393.0)

CPU:total 8 (4 cores per cpu, 2 threads per core) family 6 model 30 stepping 5, cmov, cx8, fxsr, mmx, sse, sse2, sse3, ssse3, sse4.1, sse4.2, popcnt, ht, tsc, tscinvbit

Memory: 4k page, physical 6273080k(3367688k free), swap 15643588k(5888k free)

vm_info: Java HotSpot(TM) 64-Bit Server VM (25.91-b14) for windows-amd64 JRE (1.8.0_91-b14), built on Apr  1 2016 00:58:32 by "java_re" with MS VC++ 10.0 (VS2010)

time: Sat Feb 04 10:35:45 2017
elapsed time: 0 seconds (0d 0h 0m 0s)

